<?xml version="1.0" encoding="UTF-8"?>
<testsuites name="Mocha Tests" time="4.9460" tests="6" failures="0">
  <testsuite name="Root Suite" timestamp="2021-11-22T14:12:10" tests="0" file="cypress/integration/1-getting-started/todo.spec.js" time="0.0000" failures="0">
  </testsuite>
  <testsuite name="example to-do app" timestamp="2021-11-22T14:12:10" tests="3" time="0.0000" failures="0">
    <testcase name="example to-do app displays two todo items by default" time="0.9720" classname="displays two todo items by default">
    </testcase>
    <testcase name="example to-do app can add new todo items" time="0.5720" classname="can add new todo items">
    </testcase>
    <testcase name="example to-do app can check off an item as completed" time="0.2850" classname="can check off an item as completed">
    </testcase>
  </testsuite>
  <testsuite name="with a checked task" timestamp="2021-11-22T14:12:14" tests="3" time="1.0990" failures="0">
    <testcase name="example to-do app with a checked task can filter for uncompleted tasks" time="0.3540" classname="can filter for uncompleted tasks">
    </testcase>
    <testcase name="example to-do app with a checked task can filter for completed tasks" time="0.3680" classname="can filter for completed tasks">
    </testcase>
    <testcase name="example to-do app with a checked task can delete all completed tasks" time="0.3590" classname="can delete all completed tasks">
    </testcase>
  </testsuite>
</testsuites>